<?xml version="1.0" encoding="UTF-8"?>
<!-- Generated by org.testng.reporters.JUnitReportReporter -->
<testsuite hostname="DESKTOP-454FAPE" name="testCases.TC_001_AcoountRegistration" tests="1" failures="0" timestamp="25 Jul 2022 00:23:11 GMT" time="19.464" errors="0">
  <testcase name="test_account_registration" time="19.464" classname="testCases.TC_001_AcoountRegistration"/>
</testsuite> <!-- testCases.TC_001_AcoountRegistration -->
