<?xml version="1.0" encoding="UTF-8"?>
<!-- Generated by org.testng.reporters.JUnitReportReporter -->
<testsuite hostname="DESKTOP-454FAPE" name="testCases.TC_003_LogInDDT" tests="4" failures="0" timestamp="7 Oct 2022 18:47:58 GMT" time="41.917" errors="0">
  <testcase name="test_LogInDDT" time="4.150" classname="testCases.TC_003_LogInDDT"/>
  <testcase name="test_LogInDDT" time="12.919" classname="testCases.TC_003_LogInDDT"/>
  <testcase name="test_LogInDDT" time="12.430" classname="testCases.TC_003_LogInDDT"/>
  <testcase name="test_LogInDDT" time="12.418" classname="testCases.TC_003_LogInDDT"/>
</testsuite> <!-- testCases.TC_003_LogInDDT -->
