<?xml version="1.0" encoding="UTF-8"?>
<!-- Generated by org.testng.reporters.JUnitReportReporter -->
<testsuite hostname="DESKTOP-454FAPE" name="testCases.TC_001_AcoountRegistration" tests="1" failures="0" timestamp="19 Oct 2022 17:52:09 GMT" time="12.476" errors="0">
  <testcase name="test_account_registration" time="12.476" classname="testCases.TC_001_AcoountRegistration"/>
</testsuite> <!-- testCases.TC_001_AcoountRegistration -->
