<?xml version="1.0" encoding="UTF-8"?>
<!-- Generated by org.testng.reporters.JUnitReportReporter -->
<testsuite hostname="DESKTOP-454FAPE" name="testCases.TC_002_LogIn" tests="1" failures="0" timestamp="25 Jul 2022 00:23:11 GMT" time="6.635" errors="0">
  <testcase name="testLogin" time="6.635" classname="testCases.TC_002_LogIn"/>
</testsuite> <!-- testCases.TC_002_LogIn -->
